<?xml version="1.0" encoding="UTF-8"?>
<testsuite xmlns:xsi="http://www.w3.org/2001/XMLSchema-instance" xsi:noNamespaceSchemaLocation="https://maven.apache.org/surefire/maven-surefire-plugin/xsd/surefire-test-report-3.0.xsd" version="3.0" name="com.example.planToDoService.PlanToDoServiceApplicationTests" time="10.032" tests="1" errors="0" skipped="0" failures="0">
  <properties>
[...]
</properties>
  <testcase name="contextLoads" classname="com.example.planToDoService.PlanToDoServiceApplicationTests" time="4.303">
    <system-out><![CDATA[22:14:43.907 [main] INFO org.springframework.test.context.support.AnnotationConfigContextLoaderUtils -- Could not detect default configuration classes for test class [com.example.planToDoService.PlanToDoServiceApplicationTests]: PlanToDoServiceApplicationTests does not declare any static, non-private, non-final, nested classes annotated with @Configuration.
22:14:44.165 [main] INFO org.springframework.boot.test.context.SpringBootTestContextBootstrapper -- Found @SpringBootConfiguration com.example.planToDoService.PlanToDoServiceApplication for test class com.example.planToDoService.PlanToDoServiceApplicationTests
  .   ____          _            __ _ _
 /\\ / ___'_ __ _ _(_)_ __  __ _ \ \ \ \
( ( )\___ | '_ | '_| | '_ \/ _` | \ \ \ \
 \\/  ___)| |_)| | | | | || (_| |  ) ) ) )
  '  |____| .__|_| |_|_| |_\__, | / / / /
 =========|_|==============|___/=/_/_/_/

 :: Spring Boot ::                (v3.3.0)

2024-05-27T22:14:44.932+05:30  INFO 16092 --- [planToDoService] [           main] c.e.p.PlanToDoServiceApplicationTests    : Starting PlanToDoServiceApplicationTests using Java 20.0.2 with PID 16092 (started by Lenovo in E:\9th Semester\react practise\planToDoService)
2024-05-27T22:14:44.933+05:30  INFO 16092 --- [planToDoService] [           main] c.e.p.PlanToDoServiceApplicationTests    : No active profile set, falling back to 1 default profile: "default"
2024-05-27T22:14:46.117+05:30  INFO 16092 --- [planToDoService] [           main] .s.d.r.c.RepositoryConfigurationDelegate : Bootstrapping Spring Data MongoDB repositories in DEFAULT mode.
2024-05-27T22:14:46.141+05:30  INFO 16092 --- [planToDoService] [           main] .s.d.r.c.RepositoryConfigurationDelegate : Finished Spring Data repository scanning in 18 ms. Found 0 MongoDB repository interfaces.
2024-05-27T22:14:47.701+05:30  INFO 16092 --- [planToDoService] [           main] org.mongodb.driver.client                : MongoClient with metadata {"driver": {"name": "mongo-java-driver|sync", "version": "5.0.1"}, "os": {"type": "Windows", "name": "Windows 10", "architecture": "amd64", "version": "10.0"}, "platform": "Java/Oracle Corporation/20.0.2+9-78"} created with settings MongoClientSettings{readPreference=primary, writeConcern=WriteConcern{w=null, wTimeout=null ms, journal=null}, retryWrites=true, retryReads=true, readConcern=ReadConcern{level=null}, credential=MongoCredential{mechanism=null, userName='Rithik_Suthan_S', source='admin', password=<hidden>, mechanismProperties=<hidden>}, transportSettings=null, commandListeners=[], codecRegistry=ProvidersCodecRegistry{codecProviders=[ValueCodecProvider{}, BsonValueCodecProvider{}, DBRefCodecProvider{}, DBObjectCodecProvider{}, DocumentCodecProvider{}, CollectionCodecProvider{}, IterableCodecProvider{}, MapCodecProvider{}, GeoJsonCodecProvider{}, GridFSFileCodecProvider{}, Jsr310CodecProvider{}, JsonObjectCodecProvider{}, BsonCodecProvider{}, EnumCodecProvider{}, com.mongodb.client.model.mql.ExpressionCodecProvider@73a0f2b, com.mongodb.Jep395RecordCodecProvider@fa5f81c, com.mongodb.KotlinCodecProvider@6a1d526c]}, loggerSettings=LoggerSettings{maxDocumentLength=1000}, clusterSettings={hosts=[127.0.0.1:27017], srvHost=cluster0.nwyrzl2.mongodb.net, srvServiceName=mongodb, mode=MULTIPLE, requiredClusterType=REPLICA_SET, requiredReplicaSetName='atlas-sya9t1-shard-0', serverSelector='null', clusterListeners='[]', serverSelectionTimeout='30000 ms', localThreshold='15 ms'}, socketSettings=SocketSettings{connectTimeoutMS=10000, readTimeoutMS=0, receiveBufferSize=0, proxySettings=ProxySettings{host=null, port=null, username=null, password=null}}, heartbeatSocketSettings=SocketSettings{connectTimeoutMS=10000, readTimeoutMS=10000, receiveBufferSize=0, proxySettings=ProxySettings{host=null, port=null, username=null, password=null}}, connectionPoolSettings=ConnectionPoolSettings{maxSize=100, minSize=0, maxWaitTimeMS=120000, maxConnectionLifeTimeMS=0, maxConnectionIdleTimeMS=0, maintenanceInitialDelayMS=0, maintenanceFrequencyMS=60000, connectionPoolListeners=[], maxConnecting=2}, serverSettings=ServerSettings{heartbeatFrequencyMS=10000, minHeartbeatFrequencyMS=500, serverListeners='[]', serverMonitorListeners='[]'}, sslSettings=SslSettings{enabled=true, invalidHostNameAllowed=false, context=null}, applicationName='null', compressorList=[], uuidRepresentation=UNSPECIFIED, serverApi=null, autoEncryptionSettings=null, dnsClient=null, inetAddressResolver=null, contextProvider=null}
2024-05-27T22:14:48.486+05:30  INFO 16092 --- [planToDoService] [zl2.mongodb.net] org.mongodb.driver.cluster               : Adding discovered server ac-dlovyk2-shard-00-02.nwyrzl2.mongodb.net:27017 to client view of cluster
2024-05-27T22:14:48.556+05:30  INFO 16092 --- [planToDoService] [zl2.mongodb.net] org.mongodb.driver.cluster               : Adding discovered server ac-dlovyk2-shard-00-01.nwyrzl2.mongodb.net:27017 to client view of cluster
2024-05-27T22:14:48.583+05:30  INFO 16092 --- [planToDoService] [zl2.mongodb.net] org.mongodb.driver.cluster               : Adding discovered server ac-dlovyk2-shard-00-00.nwyrzl2.mongodb.net:27017 to client view of cluster
2024-05-27T22:14:49.097+05:30  INFO 16092 --- [planToDoService] [           main] org.mongodb.driver.client                : MongoClient with metadata {"driver": {"name": "mongo-java-driver|sync|spring-boot", "version": "5.0.1"}, "os": {"type": "Windows", "name": "Windows 10", "architecture": "amd64", "version": "10.0"}, "platform": "Java/Oracle Corporation/20.0.2+9-78"} created with settings MongoClientSettings{readPreference=primary, writeConcern=WriteConcern{w=null, wTimeout=null ms, journal=null}, retryWrites=true, retryReads=true, readConcern=ReadConcern{level=null}, credential=MongoCredential{mechanism=null, userName='Rithik_Suthan_S', source='admin', password=<hidden>, mechanismProperties=<hidden>}, transportSettings=null, commandListeners=[], codecRegistry=ProvidersCodecRegistry{codecProviders=[ValueCodecProvider{}, BsonValueCodecProvider{}, DBRefCodecProvider{}, DBObjectCodecProvider{}, DocumentCodecProvider{}, CollectionCodecProvider{}, IterableCodecProvider{}, MapCodecProvider{}, GeoJsonCodecProvider{}, GridFSFileCodecProvider{}, Jsr310CodecProvider{}, JsonObjectCodecProvider{}, BsonCodecProvider{}, EnumCodecProvider{}, com.mongodb.client.model.mql.ExpressionCodecProvider@73a0f2b, com.mongodb.Jep395RecordCodecProvider@fa5f81c, com.mongodb.KotlinCodecProvider@6a1d526c]}, loggerSettings=LoggerSettings{maxDocumentLength=1000}, clusterSettings={hosts=[127.0.0.1:27017], srvHost=cluster0.nwyrzl2.mongodb.net, srvServiceName=mongodb, mode=MULTIPLE, requiredClusterType=REPLICA_SET, requiredReplicaSetName='atlas-sya9t1-shard-0', serverSelector='null', clusterListeners='[]', serverSelectionTimeout='30000 ms', localThreshold='15 ms'}, socketSettings=SocketSettings{connectTimeoutMS=10000, readTimeoutMS=0, receiveBufferSize=0, proxySettings=ProxySettings{host=null, port=null, username=null, password=null}}, heartbeatSocketSettings=SocketSettings{connectTimeoutMS=10000, readTimeoutMS=10000, receiveBufferSize=0, proxySettings=ProxySettings{host=null, port=null, username=null, password=null}}, connectionPoolSettings=ConnectionPoolSettings{maxSize=100, minSize=0, maxWaitTimeMS=120000, maxConnectionLifeTimeMS=0, maxConnectionIdleTimeMS=0, maintenanceInitialDelayMS=0, maintenanceFrequencyMS=60000, connectionPoolListeners=[], maxConnecting=2}, serverSettings=ServerSettings{heartbeatFrequencyMS=10000, minHeartbeatFrequencyMS=500, serverListeners='[]', serverMonitorListeners='[]'}, sslSettings=SslSettings{enabled=true, invalidHostNameAllowed=false, context=null}, applicationName='null', compressorList=[], uuidRepresentation=JAVA_LEGACY, serverApi=null, autoEncryptionSettings=null, dnsClient=null, inetAddressResolver=null, contextProvider=null}
2024-05-27T22:14:49.151+05:30  INFO 16092 --- [planToDoService] [zl2.mongodb.net] org.mongodb.driver.cluster               : Adding discovered server ac-dlovyk2-shard-00-02.nwyrzl2.mongodb.net:27017 to client view of cluster
2024-05-27T22:14:49.154+05:30  INFO 16092 --- [planToDoService] [zl2.mongodb.net] org.mongodb.driver.cluster               : Adding discovered server ac-dlovyk2-shard-00-01.nwyrzl2.mongodb.net:27017 to client view of cluster
2024-05-27T22:14:49.156+05:30  INFO 16092 --- [planToDoService] [zl2.mongodb.net] org.mongodb.driver.cluster               : Adding discovered server ac-dlovyk2-shard-00-00.nwyrzl2.mongodb.net:27017 to client view of cluster
2024-05-27T22:14:49.273+05:30  INFO 16092 --- [planToDoService] [           main] c.e.p.PlanToDoServiceApplicationTests    : Started PlanToDoServiceApplicationTests in 4.84 seconds (process running for 6.608)
2024-05-27T22:14:50.992+05:30  INFO 16092 --- [planToDoService] [ngodb.net:27017] org.mongodb.driver.cluster               : Monitor thread successfully connected to server with description ServerDescription{address=ac-dlovyk2-shard-00-02.nwyrzl2.mongodb.net:27017, type=REPLICA_SET_SECONDARY, state=CONNECTED, ok=true, minWireVersion=0, maxWireVersion=21, maxDocumentSize=16777216, logicalSessionTimeoutMinutes=30, roundTripTimeNanos=675981700, setName='atlas-sya9t1-shard-0', canonicalAddress=ac-dlovyk2-shard-00-02.nwyrzl2.mongodb.net:27017, hosts=[ac-dlovyk2-shard-00-00.nwyrzl2.mongodb.net:27017, ac-dlovyk2-shard-00-02.nwyrzl2.mongodb.net:27017, ac-dlovyk2-shard-00-01.nwyrzl2.mongodb.net:27017], passives=[], arbiters=[], primary='ac-dlovyk2-shard-00-01.nwyrzl2.mongodb.net:27017', tagSet=TagSet{[Tag{name='availabilityZone', value='use1-az2'}, Tag{name='diskState', value='READY'}, Tag{name='nodeType', value='ELECTABLE'}, Tag{name='provider', value='AWS'}, Tag{name='region', value='US_EAST_1'}, Tag{name='workloadType', value='OPERATIONAL'}]}, electionId=null, setVersion=24, topologyVersion=TopologyVersion{processId=6650e58bec0359a2a0e65416, counter=3}, lastWriteDate=Mon May 27 22:14:51 IST 2024, lastUpdateTimeNanos=48422621985600}
2024-05-27T22:14:50.992+05:30  INFO 16092 --- [planToDoService] [ngodb.net:27017] org.mongodb.driver.cluster               : Monitor thread successfully connected to server with description ServerDescription{address=ac-dlovyk2-shard-00-02.nwyrzl2.mongodb.net:27017, type=REPLICA_SET_SECONDARY, state=CONNECTED, ok=true, minWireVersion=0, maxWireVersion=21, maxDocumentSize=16777216, logicalSessionTimeoutMinutes=30, roundTripTimeNanos=675989500, setName='atlas-sya9t1-shard-0', canonicalAddress=ac-dlovyk2-shard-00-02.nwyrzl2.mongodb.net:27017, hosts=[ac-dlovyk2-shard-00-00.nwyrzl2.mongodb.net:27017, ac-dlovyk2-shard-00-02.nwyrzl2.mongodb.net:27017, ac-dlovyk2-shard-00-01.nwyrzl2.mongodb.net:27017], passives=[], arbiters=[], primary='ac-dlovyk2-shard-00-01.nwyrzl2.mongodb.net:27017', tagSet=TagSet{[Tag{name='availabilityZone', value='use1-az2'}, Tag{name='diskState', value='READY'}, Tag{name='nodeType', value='ELECTABLE'}, Tag{name='provider', value='AWS'}, Tag{name='region', value='US_EAST_1'}, Tag{name='workloadType', value='OPERATIONAL'}]}, electionId=null, setVersion=24, topologyVersion=TopologyVersion{processId=6650e58bec0359a2a0e65416, counter=3}, lastWriteDate=Mon May 27 22:14:51 IST 2024, lastUpdateTimeNanos=48422622106400}
2024-05-27T22:14:50.992+05:30  INFO 16092 --- [planToDoService] [ngodb.net:27017] org.mongodb.driver.cluster               : Monitor thread successfully connected to server with description ServerDescription{address=ac-dlovyk2-shard-00-00.nwyrzl2.mongodb.net:27017, type=REPLICA_SET_SECONDARY, state=CONNECTED, ok=true, minWireVersion=0, maxWireVersion=21, maxDocumentSize=16777216, logicalSessionTimeoutMinutes=30, roundTripTimeNanos=1236260800, setName='atlas-sya9t1-shard-0', canonicalAddress=ac-dlovyk2-shard-00-00.nwyrzl2.mongodb.net:27017, hosts=[ac-dlovyk2-shard-00-00.nwyrzl2.mongodb.net:27017, ac-dlovyk2-shard-00-02.nwyrzl2.mongodb.net:27017, ac-dlovyk2-shard-00-01.nwyrzl2.mongodb.net:27017], passives=[], arbiters=[], primary='ac-dlovyk2-shard-00-01.nwyrzl2.mongodb.net:27017', tagSet=TagSet{[Tag{name='availabilityZone', value='use1-az6'}, Tag{name='diskState', value='READY'}, Tag{name='nodeType', value='ELECTABLE'}, Tag{name='provider', value='AWS'}, Tag{name='region', value='US_EAST_1'}, Tag{name='workloadType', value='OPERATIONAL'}]}, electionId=null, setVersion=24, topologyVersion=TopologyVersion{processId=6650e4c70da81539698f3760, counter=4}, lastWriteDate=Mon May 27 22:14:51 IST 2024, lastUpdateTimeNanos=48422623448500}
2024-05-27T22:14:51.013+05:30  INFO 16092 --- [planToDoService] [ngodb.net:27017] org.mongodb.driver.cluster               : Monitor thread successfully connected to server with description ServerDescription{address=ac-dlovyk2-shard-00-01.nwyrzl2.mongodb.net:27017, type=REPLICA_SET_PRIMARY, state=CONNECTED, ok=true, minWireVersion=0, maxWireVersion=21, maxDocumentSize=16777216, logicalSessionTimeoutMinutes=30, roundTripTimeNanos=611888000, setName='atlas-sya9t1-shard-0', canonicalAddress=ac-dlovyk2-shard-00-01.nwyrzl2.mongodb.net:27017, hosts=[ac-dlovyk2-shard-00-00.nwyrzl2.mongodb.net:27017, ac-dlovyk2-shard-00-02.nwyrzl2.mongodb.net:27017, ac-dlovyk2-shard-00-01.nwyrzl2.mongodb.net:27017], passives=[], arbiters=[], primary='ac-dlovyk2-shard-00-01.nwyrzl2.mongodb.net:27017', tagSet=TagSet{[Tag{name='availabilityZone', value='use1-az1'}, Tag{name='diskState', value='READY'}, Tag{name='nodeType', value='ELECTABLE'}, Tag{name='provider', value='AWS'}, Tag{name='region', value='US_EAST_1'}, Tag{name='workloadType', value='OPERATIONAL'}]}, electionId=7fffffff000000000000034a, setVersion=24, topologyVersion=TopologyVersion{processId=6650e52949d8f11693a1ef18, counter=6}, lastWriteDate=Mon May 27 22:14:51 IST 2024, lastUpdateTimeNanos=48422647731300}
2024-05-27T22:14:51.014+05:30  INFO 16092 --- [planToDoService] [ngodb.net:27017] org.mongodb.driver.cluster               : Discovered replica set primary ac-dlovyk2-shard-00-01.nwyrzl2.mongodb.net:27017 with max election id 7fffffff000000000000034a and max set version 24
2024-05-27T22:14:51.030+05:30  INFO 16092 --- [planToDoService] [ngodb.net:27017] org.mongodb.driver.cluster               : Monitor thread successfully connected to server with description ServerDescription{address=ac-dlovyk2-shard-00-01.nwyrzl2.mongodb.net:27017, type=REPLICA_SET_PRIMARY, state=CONNECTED, ok=true, minWireVersion=0, maxWireVersion=21, maxDocumentSize=16777216, logicalSessionTimeoutMinutes=30, roundTripTimeNanos=628613600, setName='atlas-sya9t1-shard-0', canonicalAddress=ac-dlovyk2-shard-00-01.nwyrzl2.mongodb.net:27017, hosts=[ac-dlovyk2-shard-00-00.nwyrzl2.mongodb.net:27017, ac-dlovyk2-shard-00-02.nwyrzl2.mongodb.net:27017, ac-dlovyk2-shard-00-01.nwyrzl2.mongodb.net:27017], passives=[], arbiters=[], primary='ac-dlovyk2-shard-00-01.nwyrzl2.mongodb.net:27017', tagSet=TagSet{[Tag{name='availabilityZone', value='use1-az1'}, Tag{name='diskState', value='READY'}, Tag{name='nodeType', value='ELECTABLE'}, Tag{name='provider', value='AWS'}, Tag{name='region', value='US_EAST_1'}, Tag{name='workloadType', value='OPERATIONAL'}]}, electionId=7fffffff000000000000034a, setVersion=24, topologyVersion=TopologyVersion{processId=6650e52949d8f11693a1ef18, counter=6}, lastWriteDate=Mon May 27 22:14:51 IST 2024, lastUpdateTimeNanos=48422664236900}
2024-05-27T22:14:51.030+05:30  INFO 16092 --- [planToDoService] [ngodb.net:27017] org.mongodb.driver.cluster               : Discovered replica set primary ac-dlovyk2-shard-00-01.nwyrzl2.mongodb.net:27017 with max election id 7fffffff000000000000034a and max set version 24
2024-05-27T22:14:51.212+05:30  INFO 16092 --- [planToDoService] [ngodb.net:27017] org.mongodb.driver.cluster               : Monitor thread successfully connected to server with description ServerDescription{address=ac-dlovyk2-shard-00-00.nwyrzl2.mongodb.net:27017, type=REPLICA_SET_SECONDARY, state=CONNECTED, ok=true, minWireVersion=0, maxWireVersion=21, maxDocumentSize=16777216, logicalSessionTimeoutMinutes=30, roundTripTimeNanos=1467629000, setName='atlas-sya9t1-shard-0', canonicalAddress=ac-dlovyk2-shard-00-00.nwyrzl2.mongodb.net:27017, hosts=[ac-dlovyk2-shard-00-00.nwyrzl2.mongodb.net:27017, ac-dlovyk2-shard-00-02.nwyrzl2.mongodb.net:27017, ac-dlovyk2-shard-00-01.nwyrzl2.mongodb.net:27017], passives=[], arbiters=[], primary='ac-dlovyk2-shard-00-01.nwyrzl2.mongodb.net:27017', tagSet=TagSet{[Tag{name='availabilityZone', value='use1-az6'}, Tag{name='diskState', value='READY'}, Tag{name='nodeType', value='ELECTABLE'}, Tag{name='provider', value='AWS'}, Tag{name='region', value='US_EAST_1'}, Tag{name='workloadType', value='OPERATIONAL'}]}, electionId=null, setVersion=24, topologyVersion=TopologyVersion{processId=6650e4c70da81539698f3760, counter=4}, lastWriteDate=Mon May 27 22:14:51 IST 2024, lastUpdateTimeNanos=48422846315100}
]]></system-out>
  </testcase>
</testsuite>